<?xml version="1.0" encoding="UTF-8"?>
<!-- Generated by org.testng.reporters.JUnitXMLReporter -->
<testsuite ignored="3" hostname="DESKTOP-V6ELO8R" failures="0" tests="1" name="Default test" time="0.441" errors="0" timestamp="2023-12-03T23:42:17 IST">
  <testcase classname="sqlTests.DBTest" name="getCellIDByITemName" time="0.081"/>
  <testcase classname="sqlTests.DBTest" name="getRowIDByITemNameTest" time="0.0">
    <ignored/>
  </testcase> <!-- getRowIDByITemNameTest -->
  <testcase classname="sqlTests.DBTest" name="getnumberOfItemByCellID" time="0.0">
    <ignored/>
  </testcase> <!-- getnumberOfItemByCellID -->
  <testcase classname="sqlTests.DBTest" name="getRowIDByITemName" time="0.0">
    <ignored/>
  </testcase> <!-- getRowIDByITemName -->
</testsuite> <!-- Default test -->
