<?xml version="1.0" encoding="UTF-8"?>
<!-- Generated by org.testng.reporters.JUnitXMLReporter -->
<testsuite ignored="1" hostname="DESKTOP-OMV2D25" failures="0" tests="1" name="Default test" time="0.137" errors="0" timestamp="2023-11-01T17:57:53 IST">
  <testcase classname="sqlTests.DataBaseTestCases" name="tesFormaTable" time="0.064"/>
  <testcase classname="sqlTests.DataBaseTestCases" name="testRowTable" time="0.0">
    <ignored/>
  </testcase> <!-- testRowTable -->
</testsuite> <!-- Default test -->
